0 [139222616106944] INFO perfrun.launcher <> - Launcher main begin
1 [139222616106944] INFO perfrun.launcher <> - MessageCatalogInit finished
1 [139222616106944] INFO perfrun.launcher <> - Launcher instance created
1 [139222616106944] INFO perfrun.launcher <> - argc = 6; cmdline = /home/ivan/intel/oneapi/advisor/2025.0/bin64/advixe-runss -dump-vdso -r /home/ivan/MolSim/MolSim/e000/hs010 --tmp-dir /tmp/advixe-tmp-ivan 
29 [139222616106944] INFO perfrun.launcher <> - create msngr2::ICliToolContext
29 [139222616106944] INFO perfrun.launcher <> - create file finder object
29 [139222394603072] INFO perfrun.launcher <> - plugin [remoteplug] was disabled because it doesn't support the given collection type.
29 [139222394603072] INFO perfrun.launcher <> - plugin [system] was disabled because it doesn't support the given collection type.
29 [139222394603072] INFO perfrun.vdso <> - dumping [vdso] pseudomodule
30 [139222394603072] INFO perfrun.launcher <> - plugin [itt] was disabled because it doesn't support the given collection type.
30 [139222394603072] INFO perfrun.launcher <> - plugin [] was disabled because it doesn't support the given collection type.
30 [139222394603072] INFO perfrun.launcher <> - plugin [gpu] was disabled because it doesn't support the given collection type.
30 [139222394603072] INFO perfrun.launcher <> - plugin [] was disabled because it doesn't support the given collection type.
30 [139222394603072] INFO perfrun.launcher <> - plugin [] was disabled because it doesn't support the given collection type.
30 [139222394603072] INFO perfrun.launcher <> - plugin [] was disabled because it doesn't support the given collection type.
30 [139222394603072] INFO perfrun.launcher <> - plugin [mrte] was disabled because it doesn't support the given collection type.
30 [139222394603072] INFO perfrun.launcher <> - plugin [] was disabled because it doesn't support the given collection type.
30 [139222394603072] INFO perfrun.launcher <> - plugin [] was disabled because it doesn't support the given collection type.
30 [139222394603072] INFO perfrun.launcher <> - plugin [] was disabled because it doesn't support the given collection type.
30 [139222394603072] INFO perfrun.launcher <> - plugin [] was disabled because it doesn't support the given collection type.
30 [139222394603072] INFO perfrun.launcher <> - plugin [] was disabled because it doesn't support the given collection type.
30 [139222394603072] INFO perfrun.launcher <> - plugin [] was disabled because it doesn't support the given collection type.
30 [139222394603072] INFO perfrun.launcher <> - plugin [] was disabled because it doesn't support the given collection type.
30 [139222394603072] INFO perfrun.launcher <> - plugin [tpss] was disabled because it doesn't support the given collection type.
30 [139222394603072] INFO perfrun.launcher <> - plugin [] was disabled because it doesn't support the given collection type.
30 [139222394603072] INFO perfrun.launcher <> - plugin [] was disabled because it doesn't support the given collection type.
30 [139222394603072] INFO perfrun.launcher <> - plugin [] was disabled because it doesn't support the given collection type.
30 [139222394603072] INFO perfrun.launcher <> - plugin [] was disabled because it doesn't support the given collection type.
30 [139222394603072] INFO perfrun.launcher <> - plugin [] was disabled because it doesn't support the given collection type.
30 [139222394603072] INFO perfrun.launcher <> - plugin [] was disabled because it doesn't support the given collection type.
30 [139222394603072] INFO perfrun.launcher <> - plugin [] was disabled because it doesn't support the given collection type.
30 [139222394603072] INFO perfrun.launcher <> - plugin [] was disabled because it doesn't support the given collection type.
30 [139222394603072] INFO perfrun.launcher <> - plugin [] was disabled because it doesn't support the given collection type.
30 [139222616106944] INFO perfrun.launcher <> - Application exit code: 0
30 [139222616106944] INFO perfrun.launcher <> - Exit code: 0
